<?xml version="1.0" encoding="UTF-8"?>
<testng-results ignored="0" total="1" passed="1" failed="0" skipped="0">
  <reporter-output>
  </reporter-output>
  <suite started-at="2020-01-01T19:50:09Z" name="Default suite" finished-at="2020-01-01T19:50:13Z" duration-ms="3598">
    <groups>
    </groups>
    <test started-at="2020-01-01T19:50:09Z" name="Default test" finished-at="2020-01-01T19:50:13Z" duration-ms="3598">
      <class name="api.testing.DeleteUserData">
        <test-method signature="putData()[pri:0, instance:api.testing.DeleteUserData@61322f9d]" started-at="2020-01-02T01:20:09Z" name="putData" finished-at="2020-01-02T01:20:13Z" duration-ms="3581" status="PASS">
          <reporter-output>
          </reporter-output>
        </test-method> <!-- putData -->
      </class> <!-- api.testing.DeleteUserData -->
    </test> <!-- Default test -->
  </suite> <!-- Default suite -->
</testng-results>
